app/manifest-merger-release-report.txt
-- Merging decision tree log ---
manifest
ADDED from AndroidManifest.xml:2:1
	xmlns:android
		ADDED from AndroidManifest.xml:2:11
	package
		ADDED from AndroidManifest.xml:3:5
		INJECTED from AndroidManifest.xml:0:0
		INJECTED from AndroidManifest.xml:0:0
	android:versionName
		INJECTED from AndroidManifest.xml:0:0
		INJECTED from AndroidManifest.xml:0:0
	android:versionCode
		INJECTED from AndroidManifest.xml:0:0
		INJECTED from AndroidManifest.xml:0:0
uses-permission#android.permission.INTERNET
ADDED from AndroidManifest.xml:5:5
MERGED from com.crashlytics.sdk.android:crashlytics:2.3.0:9:5
MERGED from com.crashlytics.sdk.android:crashlytics-core:2.3.0:9:5
	android:name
		ADDED from AndroidManifest.xml:5:22
uses-permission#android.permission.ACCESS_NETWORK_STATE
ADDED from AndroidManifest.xml:6:5
	android:name
		ADDED from AndroidManifest.xml:6:22
application
ADDED from AndroidManifest.xml:8:5
MERGED from com.android.support:appcompat-v7:22.1.1:22:5
MERGED from com.android.support:support-v4:22.1.1:22:5
MERGED from com.jpardogo.materialtabstrip:library:1.0.9:9:5
MERGED from com.android.support:support-v4:22.1.1:22:5
MERGED from com.android.support:recyclerview-v7:22.0.0:22:5
MERGED from com.android.support:support-v4:22.1.1:22:5
MERGED from com.nispok:snackbar:2.10.9:10:5
MERGED from com.android.support:recyclerview-v7:22.0.0:22:5
MERGED from com.android.support:support-v4:22.1.1:22:5
MERGED from com.crashlytics.sdk.android:crashlytics:2.3.0:11:5
MERGED from com.crashlytics.sdk.android:crashlytics-core:2.3.0:11:5
MERGED from io.fabric.sdk.android:fabric:1.3.1:9:5
MERGED from com.crashlytics.sdk.android:answers:1.2.0:9:5
MERGED from io.fabric.sdk.android:fabric:1.3.1:9:5
MERGED from io.fabric.sdk.android:fabric:1.3.1:9:5
MERGED from com.crashlytics.sdk.android:answers:1.2.0:9:5
MERGED from io.fabric.sdk.android:fabric:1.3.1:9:5
MERGED from com.crashlytics.sdk.android:beta:1.1.2:9:5
MERGED from io.fabric.sdk.android:fabric:1.3.1:9:5
	android:label
		ADDED from AndroidManifest.xml:12:9
	android:allowBackup
		ADDED from AndroidManifest.xml:10:9
	android:icon
		ADDED from AndroidManifest.xml:11:9
	android:theme
		ADDED from AndroidManifest.xml:13:9
	android:name
		ADDED from AndroidManifest.xml:9:9
activity#benawad.com.lolscout.MainActivity
ADDED from AndroidManifest.xml:14:9
	android:screenOrientation
		ADDED from AndroidManifest.xml:17:13
	android:label
		ADDED from AndroidManifest.xml:16:13
	android:name
		ADDED from AndroidManifest.xml:15:13
intent-filter#android.intent.action.MAIN+android.intent.category.LAUNCHER
ADDED from AndroidManifest.xml:18:13
action#android.intent.action.MAIN
ADDED from AndroidManifest.xml:19:17
	android:name
		ADDED from AndroidManifest.xml:19:25
category#android.intent.category.LAUNCHER
ADDED from AndroidManifest.xml:21:17
	android:name
		ADDED from AndroidManifest.xml:21:27
activity#benawad.com.lolscout.RankedChampionStatsActivity
ADDED from AndroidManifest.xml:24:9
	android:screenOrientation
		ADDED from AndroidManifest.xml:27:13
	android:label
		ADDED from AndroidManifest.xml:26:13
	android:parentActivityName
		ADDED from AndroidManifest.xml:28:13
	android:name
		ADDED from AndroidManifest.xml:25:13
meta-data#android.support.PARENT_ACTIVITY
ADDED from AndroidManifest.xml:29:13
	android:name
		ADDED from AndroidManifest.xml:30:17
	android:value
		ADDED from AndroidManifest.xml:31:17
meta-data#io.fabric.ApiKey
ADDED from AndroidManifest.xml:33:9
	android:name
		ADDED from AndroidManifest.xml:34:13
	android:value
		ADDED from AndroidManifest.xml:35:13
uses-sdk
INJECTED from AndroidManifest.xml:0:0 reason: use-sdk injection requested
MERGED from com.android.support:appcompat-v7:22.1.1:20:5
MERGED from com.android.support:support-v4:22.1.1:20:5
MERGED from com.jpardogo.materialtabstrip:library:1.0.9:5:5
MERGED from com.android.support:support-v4:22.1.1:20:5
MERGED from com.android.support:recyclerview-v7:22.0.0:20:5
MERGED from com.android.support:support-v4:22.1.1:20:5
MERGED from com.nispok:snackbar:2.10.9:6:5
MERGED from com.android.support:recyclerview-v7:22.0.0:20:5
MERGED from com.android.support:support-v4:22.1.1:20:5
MERGED from com.crashlytics.sdk.android:crashlytics:2.3.0:7:5
MERGED from com.crashlytics.sdk.android:crashlytics-core:2.3.0:7:5
MERGED from io.fabric.sdk.android:fabric:1.3.1:7:5
MERGED from com.crashlytics.sdk.android:answers:1.2.0:7:5
MERGED from io.fabric.sdk.android:fabric:1.3.1:7:5
MERGED from io.fabric.sdk.android:fabric:1.3.1:7:5
MERGED from com.crashlytics.sdk.android:answers:1.2.0:7:5
MERGED from io.fabric.sdk.android:fabric:1.3.1:7:5
MERGED from com.crashlytics.sdk.android:beta:1.1.2:7:5
MERGED from io.fabric.sdk.android:fabric:1.3.1:7:5
MERGED from com.squareup.leakcanary:leakcanary-android-no-op:1.3:20:5
	android:targetSdkVersion
		INJECTED from AndroidManifest.xml:0:0
		INJECTED from AndroidManifest.xml:0:0
	android:minSdkVersion
		INJECTED from AndroidManifest.xml:0:0
		INJECTED from AndroidManifest.xml:0:0
activity#android.support.v7.widget.TestActivity
ADDED from com.android.support:recyclerview-v7:22.0.0:23:9
MERGED from com.android.support:recyclerview-v7:22.0.0:23:9
	android:label
		ADDED from com.android.support:recyclerview-v7:22.0.0:25:13
	android:name
		ADDED from com.android.support:recyclerview-v7:22.0.0:24:13